{
  "RSpec": {
    "coverage": {
      "/home/carlos/Documents/Projetos/tickets/app/controllers/admin/pages_controller.rb": [
        1,
        1,
        1,
        null,
        null,
        null
      ],
      "/home/carlos/Documents/Projetos/tickets/app/controllers/admin/application_controller.rb": [
        1,
        1,
        1,
        1,
        1,
        null,
        1,
        null,
        1,
        4,
        null,
        null,
        1,
        4,
        null,
        null,
        null
      ],
      "/home/carlos/Documents/Projetos/tickets/app/controllers/application_controller.rb": [
        1,
        null,
        null,
        1,
        null,
        1,
        33,
        null,
        null,
        1,
        21,
        null,
        null,
        1,
        null,
        1,
        1,
        11,
        null,
        null,
        1,
        9,
        null,
        null,
        1,
        1,
        1,
        null,
        null
      ],
      "/home/carlos/Documents/Projetos/tickets/app/controllers/companies_controller.rb": [
        1,
        1,
        null,
        1,
        null,
        1,
        4,
        null,
        null,
        1,
        5,
        5,
        4,
        null,
        1,
        null,
        null,
        null,
        1,
        null,
        1,
        5,
        null,
        null,
        null
      ],
      "/home/carlos/Documents/Projetos/tickets/app/controllers/sessions_controller.rb": [
        1,
        1,
        1,
        null,
        null,
        1,
        9,
        9,
        6,
        6,
        null,
        3,
        3,
        null,
        null,
        null,
        1,
        2,
        2,
        null,
        null
      ],
      "/home/carlos/Documents/Projetos/tickets/app/controllers/users_controller.rb": [
        1,
        1,
        1,
        6,
        null,
        null,
        1,
        4,
        4,
        3,
        3,
        null,
        1,
        null,
        null,
        null,
        1,
        null,
        1,
        4,
        null,
        null,
        null
      ],
      "/home/carlos/Documents/Projetos/tickets/app/models/company.rb": [
        1,
        1,
        1,
        null,
        null
      ],
      "/home/carlos/Documents/Projetos/tickets/app/models/user.rb": [
        1,
        1,
        1,
        null,
        1,
        1,
        1,
        1,
        1,
        null,
        1,
        5,
        4,
        4,
        4,
        4,
        4,
        null,
        1,
        null,
        null,
        null,
        1,
        6,
        5,
        null,
        1,
        null,
        null,
        null,
        null
      ],
      "/home/carlos/Documents/Projetos/tickets/app/models/admin_profile.rb": [
        1,
        1,
        2,
        null,
        null,
        1,
        5,
        null,
        null
      ],
      "/home/carlos/Documents/Projetos/tickets/app/models/agent_profile.rb": [
        1,
        1,
        null,
        1,
        0,
        null,
        null,
        1,
        0,
        null,
        null
      ],
      "/home/carlos/Documents/Projetos/tickets/app/form_builders/bootstrap_form_builder.rb": [
        1,
        1,
        5,
        29,
        29,
        null,
        29,
        29,
        null,
        null,
        null,
        null,
        1,
        29,
        null,
        null,
        1,
        7,
        7,
        7,
        null,
        null,
        null,
        null,
        1,
        1,
        29,
        29,
        29,
        29,
        29,
        29,
        null,
        0,
        null,
        null,
        null,
        null
      ],
      "/home/carlos/Documents/Projetos/tickets/app/controllers/pages_controller.rb": [
        1,
        1,
        1,
        null
      ],
      "/home/carlos/Documents/Projetos/tickets/app/controllers/dashboard_controller.rb": [
        1,
        1,
        1,
        null,
        null,
        null
      ]
    },
    "timestamp": 1392995133
  }
}
